┌ Error: Error during package callback
│   exception = 1-element ExceptionStack:
On worker 2:
ArgumentError: Package NCDatasets [85f8d34a-cbdd-5861-8df4-14fed0d494ab] is required but does not seem to be installed:
 - Run `Pkg.instantiate()` to install all recorded dependencies.

Stacktrace:
  [1] _require
    @ ./loading.jl:1306
  [2] _require_prelocked
    @ ./loading.jl:1200
  [3] macro expansion
    @ ./lock.jl:223 [inlined]
  [4] require
    @ ./loading.jl:1195
  [5] #2
    @ ~/julia-1.8.5/share/julia/stdlib/v1.8/Distributed/src/Distributed.jl:80
  [6] #invokelatest#2
    @ ./essentials.jl:729 [inlined]
  [7] invokelatest
    @ ./essentials.jl:726
  [8] #114
    @ ~/julia-1.8.5/share/julia/stdlib/v1.8/Distributed/src/process_messages.jl:301
  [9] run_work_thunk
    @ ~/julia-1.8.5/share/julia/stdlib/v1.8/Distributed/src/process_messages.jl:70
 [10] run_work_thunk
    @ ~/julia-1.8.5/share/julia/stdlib/v1.8/Distributed/src/process_messages.jl:79
 [11] #100
    @ ./task.jl:484

...and 13 more exceptions.

Stacktrace:
  [1] sync_end(c::Channel{Any})
    @ Base ./task.jl:436
  [2] macro expansion
    @ ./task.jl:455 [inlined]
  [3] _require_callback(mod::Base.PkgId)
    @ Distributed ~/julia-1.8.5/share/julia/stdlib/v1.8/Distributed/src/Distributed.jl:77
  [4] #invokelatest#2
    @ ./essentials.jl:729 [inlined]
  [5] invokelatest
    @ ./essentials.jl:726 [inlined]
  [6] run_package_callbacks(modkey::Base.PkgId)
    @ Base ./loading.jl:869
  [7] _require_prelocked(uuidkey::Base.PkgId)
    @ Base ./loading.jl:1206
  [8] macro expansion
    @ ./loading.jl:1180 [inlined]
  [9] macro expansion
    @ ./lock.jl:223 [inlined]
 [10] require(into::Module, mod::Symbol)
    @ Base ./loading.jl:1144
 [11] include(mod::Module, _path::String)
    @ Base ./Base.jl:419
 [12] invokelatest(::Any, ::Any, ::Vararg{Any}; kwargs::Base.Pairs{Symbol, Union{}, Tuple{}, NamedTuple{(), Tuple{}}})
    @ Base ./essentials.jl:729
 [13] invokelatest(::Any, ::Any, ::Vararg{Any})
    @ Base ./essentials.jl:726
 [14] evaluate_call_recurse!(recurse::Any, frame::VSCodeDebugger.JuliaInterpreter.Frame, call_expr::Expr; enter_generated::Bool)
    @ VSCodeDebugger.JuliaInterpreter ~/.vscode/extensions/julialang.language-julia-1.47.2/scripts/packages/JuliaInterpreter/src/interpret.jl:249
 [15] evaluate_call_recurse!
    @ ~/.vscode/extensions/julialang.language-julia-1.47.2/scripts/packages/JuliaInterpreter/src/interpret.jl:220 [inlined]
 [16] eval_rhs(recurse::Any, frame::VSCodeDebugger.JuliaInterpreter.Frame, node::Expr)
    @ VSCodeDebugger.JuliaInterpreter ~/.vscode/extensions/julialang.language-julia-1.47.2/scripts/packages/JuliaInterpreter/src/interpret.jl:393
 [17] step_expr!(recurse::Any, frame::VSCodeDebugger.JuliaInterpreter.Frame, node::Any, istoplevel::Bool)
    @ VSCodeDebugger.JuliaInterpreter ~/.vscode/extensions/julialang.language-julia-1.47.2/scripts/packages/JuliaInterpreter/src/interpret.jl:546
 [18] step_expr!(recurse::Any, frame::VSCodeDebugger.JuliaInterpreter.Frame, istoplevel::Bool)
    @ VSCodeDebugger.JuliaInterpreter ~/.vscode/extensions/julialang.language-julia-1.47.2/scripts/packages/JuliaInterpreter/src/interpret.jl:596
 [19] finish!(recurse::Any, frame::VSCodeDebugger.JuliaInterpreter.Frame, istoplevel::Bool)
    @ VSCodeDebugger.JuliaInterpreter ~/.vscode/extensions/julialang.language-julia-1.47.2/scripts/packages/JuliaInterpreter/src/commands.jl:14
 [20] finish_and_return!(recurse::Any, frame::VSCodeDebugger.JuliaInterpreter.Frame, istoplevel::Bool)
    @ VSCodeDebugger.JuliaInterpreter ~/.vscode/extensions/julialang.language-julia-1.47.2/scripts/packages/JuliaInterpreter/src/commands.jl:30
 [21] evaluate_call_recurse!(recurse::Any, frame::VSCodeDebugger.JuliaInterpreter.Frame, call_expr::Expr; enter_generated::Bool)
    @ VSCodeDebugger.JuliaInterpreter ~/.vscode/extensions/julialang.language-julia-1.47.2/scripts/packages/JuliaInterpreter/src/interpret.jl:260
 [22] evaluate_call_recurse!
    @ ~/.vscode/extensions/julialang.language-julia-1.47.2/scripts/packages/JuliaInterpreter/src/interpret.jl:220 [inlined]
 [23] eval_rhs(recurse::Any, frame::VSCodeDebugger.JuliaInterpreter.Frame, node::Expr)
    @ VSCodeDebugger.JuliaInterpreter ~/.vscode/extensions/julialang.language-julia-1.47.2/scripts/packages/JuliaInterpreter/src/interpret.jl:393
 [24] step_expr!(recurse::Any, frame::VSCodeDebugger.JuliaInterpreter.Frame, node::Any, istoplevel::Bool)
    @ VSCodeDebugger.JuliaInterpreter ~/.vscode/extensions/julialang.language-julia-1.47.2/scripts/packages/JuliaInterpreter/src/interpret.jl:541
 [25] step_expr!(recurse::Any, frame::VSCodeDebugger.JuliaInterpreter.Frame, istoplevel::Bool)
    @ VSCodeDebugger.JuliaInterpreter ~/.vscode/extensions/julialang.language-julia-1.47.2/scripts/packages/JuliaInterpreter/src/interpret.jl:596
 [26] finish!(recurse::Any, frame::VSCodeDebugger.JuliaInterpreter.Frame, istoplevel::Bool)
    @ VSCodeDebugger.JuliaInterpreter ~/.vscode/extensions/julialang.language-julia-1.47.2/scripts/packages/JuliaInterpreter/src/commands.jl:14
 [27] finish_and_return!
    @ ~/.vscode/extensions/julialang.language-julia-1.47.2/scripts/packages/JuliaInterpreter/src/commands.jl:30 [inlined]
 [28] finish_stack!(recurse::Any, frame::VSCodeDebugger.JuliaInterpreter.Frame, rootistoplevel::Bool)
    @ VSCodeDebugger.JuliaInterpreter ~/.vscode/extensions/julialang.language-julia-1.47.2/scripts/packages/JuliaInterpreter/src/commands.jl:60
 [29] debug_command(recurse::Any, frame::VSCodeDebugger.JuliaInterpreter.Frame, cmd::Symbol, rootistoplevel::Bool; line::Nothing)
    @ VSCodeDebugger.JuliaInterpreter ~/.vscode/extensions/julialang.language-julia-1.47.2/scripts/packages/JuliaInterpreter/src/commands.jl:516
 [30] debug_command(recurse::Any, frame::VSCodeDebugger.JuliaInterpreter.Frame, cmd::Symbol, rootistoplevel::Bool)
    @ VSCodeDebugger.JuliaInterpreter ~/.vscode/extensions/julialang.language-julia-1.47.2/scripts/packages/JuliaInterpreter/src/commands.jl:448
 [31] #invokelatest#2
    @ ./essentials.jl:729 [inlined]
 [32] invokelatest
    @ ./essentials.jl:726 [inlined]
 [33] our_debug_command(cmd::Symbol, state::VSCodeDebugger.DebugAdapter.DebuggerState)
    @ VSCodeDebugger.DebugAdapter ~/.vscode/extensions/julialang.language-julia-1.47.2/scripts/packages/DebugAdapter/src/debugger_core.jl:67
 [34] startdebug(socket::Base.PipeEndpoint, error_handler::VSCodeDebugger.var"#3#4"{Tuple{String, String}})
    @ VSCodeDebugger.DebugAdapter ~/.vscode/extensions/julialang.language-julia-1.47.2/scripts/packages/DebugAdapter/src/packagedef.jl:106
 [35] startdebugger()
    @ VSCodeDebugger ~/.vscode/extensions/julialang.language-julia-1.47.2/scripts/packages/VSCodeDebugger/src/VSCodeDebugger.jl:43
 [36] top-level scope
    @ ~/.vscode/extensions/julialang.language-julia-1.47.2/scripts/debugger/run_debugger.jl:10
 [37] include(mod::Module, _path::String)
    @ Base ./Base.jl:419
 [38] exec_options(opts::Base.JLOptions)
    @ Base ./client.jl:303
 [39] _start()
    @ Base ./client.jl:522
└ @ Base loading.jl:874
┌ Error: Error during package callback
│   exception = 1-element ExceptionStack:
On worker 2:
ArgumentError: Package AutomaticDocstrings [70b36510-7dee-11e9-28d4-77afe9445f67] is required but does not seem to be installed:
 - Run `Pkg.instantiate()` to install all recorded dependencies.

Stacktrace:
  [1] _require
    @ ./loading.jl:1306
  [2] _require_prelocked
    @ ./loading.jl:1200
  [3] macro expansion
    @ ./lock.jl:223 [inlined]
  [4] require
    @ ./loading.jl:1195
  [5] #2
    @ ~/julia-1.8.5/share/julia/stdlib/v1.8/Distributed/src/Distributed.jl:80
  [6] #invokelatest#2
    @ ./essentials.jl:729 [inlined]
  [7] invokelatest
    @ ./essentials.jl:726
  [8] #114
    @ ~/julia-1.8.5/share/julia/stdlib/v1.8/Distributed/src/process_messages.jl:301
  [9] run_work_thunk
    @ ~/julia-1.8.5/share/julia/stdlib/v1.8/Distributed/src/process_messages.jl:70
 [10] run_work_thunk
    @ ~/julia-1.8.5/share/julia/stdlib/v1.8/Distributed/src/process_messages.jl:79
 [11] #100
    @ ./task.jl:484

...and 13 more exceptions.

Stacktrace:
  [1] sync_end(c::Channel{Any})
    @ Base ./task.jl:436
  [2] macro expansion
    @ ./task.jl:455 [inlined]
  [3] _require_callback(mod::Base.PkgId)
    @ Distributed ~/julia-1.8.5/share/julia/stdlib/v1.8/Distributed/src/Distributed.jl:77
  [4] #invokelatest#2
    @ ./essentials.jl:729 [inlined]
  [5] invokelatest
    @ ./essentials.jl:726 [inlined]
  [6] run_package_callbacks(modkey::Base.PkgId)
    @ Base ./loading.jl:869
  [7] _require_prelocked(uuidkey::Base.PkgId)
    @ Base ./loading.jl:1206
  [8] macro expansion
    @ ./loading.jl:1180 [inlined]
  [9] macro expansion
    @ ./lock.jl:223 [inlined]
 [10] require(into::Module, mod::Symbol)
    @ Base ./loading.jl:1144
 [11] include(mod::Module, _path::String)
    @ Base ./Base.jl:419
 [12] invokelatest(::Any, ::Any, ::Vararg{Any}; kwargs::Base.Pairs{Symbol, Union{}, Tuple{}, NamedTuple{(), Tuple{}}})
    @ Base ./essentials.jl:729
 [13] invokelatest(::Any, ::Any, ::Vararg{Any})
    @ Base ./essentials.jl:726
 [14] evaluate_call_recurse!(recurse::Any, frame::VSCodeDebugger.JuliaInterpreter.Frame, call_expr::Expr; enter_generated::Bool)
    @ VSCodeDebugger.JuliaInterpreter ~/.vscode/extensions/julialang.language-julia-1.47.2/scripts/packages/JuliaInterpreter/src/interpret.jl:249
 [15] evaluate_call_recurse!
    @ ~/.vscode/extensions/julialang.language-julia-1.47.2/scripts/packages/JuliaInterpreter/src/interpret.jl:220 [inlined]
 [16] eval_rhs(recurse::Any, frame::VSCodeDebugger.JuliaInterpreter.Frame, node::Expr)
    @ VSCodeDebugger.JuliaInterpreter ~/.vscode/extensions/julialang.language-julia-1.47.2/scripts/packages/JuliaInterpreter/src/interpret.jl:393
 [17] step_expr!(recurse::Any, frame::VSCodeDebugger.JuliaInterpreter.Frame, node::Any, istoplevel::Bool)
    @ VSCodeDebugger.JuliaInterpreter ~/.vscode/extensions/julialang.language-julia-1.47.2/scripts/packages/JuliaInterpreter/src/interpret.jl:546
 [18] step_expr!(recurse::Any, frame::VSCodeDebugger.JuliaInterpreter.Frame, istoplevel::Bool)
    @ VSCodeDebugger.JuliaInterpreter ~/.vscode/extensions/julialang.language-julia-1.47.2/scripts/packages/JuliaInterpreter/src/interpret.jl:596
 [19] finish!(recurse::Any, frame::VSCodeDebugger.JuliaInterpreter.Frame, istoplevel::Bool)
    @ VSCodeDebugger.JuliaInterpreter ~/.vscode/extensions/julialang.language-julia-1.47.2/scripts/packages/JuliaInterpreter/src/commands.jl:14
 [20] finish_and_return!(recurse::Any, frame::VSCodeDebugger.JuliaInterpreter.Frame, istoplevel::Bool)
    @ VSCodeDebugger.JuliaInterpreter ~/.vscode/extensions/julialang.language-julia-1.47.2/scripts/packages/JuliaInterpreter/src/commands.jl:30
 [21] evaluate_call_recurse!(recurse::Any, frame::VSCodeDebugger.JuliaInterpreter.Frame, call_expr::Expr; enter_generated::Bool)
    @ VSCodeDebugger.JuliaInterpreter ~/.vscode/extensions/julialang.language-julia-1.47.2/scripts/packages/JuliaInterpreter/src/interpret.jl:260
 [22] evaluate_call_recurse!
    @ ~/.vscode/extensions/julialang.language-julia-1.47.2/scripts/packages/JuliaInterpreter/src/interpret.jl:220 [inlined]
 [23] eval_rhs(recurse::Any, frame::VSCodeDebugger.JuliaInterpreter.Frame, node::Expr)
    @ VSCodeDebugger.JuliaInterpreter ~/.vscode/extensions/julialang.language-julia-1.47.2/scripts/packages/JuliaInterpreter/src/interpret.jl:393
 [24] step_expr!(recurse::Any, frame::VSCodeDebugger.JuliaInterpreter.Frame, node::Any, istoplevel::Bool)
    @ VSCodeDebugger.JuliaInterpreter ~/.vscode/extensions/julialang.language-julia-1.47.2/scripts/packages/JuliaInterpreter/src/interpret.jl:541
 [25] step_expr!(recurse::Any, frame::VSCodeDebugger.JuliaInterpreter.Frame, istoplevel::Bool)
    @ VSCodeDebugger.JuliaInterpreter ~/.vscode/extensions/julialang.language-julia-1.47.2/scripts/packages/JuliaInterpreter/src/interpret.jl:596
 [26] finish!(recurse::Any, frame::VSCodeDebugger.JuliaInterpreter.Frame, istoplevel::Bool)
    @ VSCodeDebugger.JuliaInterpreter ~/.vscode/extensions/julialang.language-julia-1.47.2/scripts/packages/JuliaInterpreter/src/commands.jl:14
 [27] finish_and_return!
    @ ~/.vscode/extensions/julialang.language-julia-1.47.2/scripts/packages/JuliaInterpreter/src/commands.jl:30 [inlined]
 [28] finish_stack!(recurse::Any, frame::VSCodeDebugger.JuliaInterpreter.Frame, rootistoplevel::Bool)
    @ VSCodeDebugger.JuliaInterpreter ~/.vscode/extensions/julialang.language-julia-1.47.2/scripts/packages/JuliaInterpreter/src/commands.jl:60
 [29] debug_command(recurse::Any, frame::VSCodeDebugger.JuliaInterpreter.Frame, cmd::Symbol, rootistoplevel::Bool; line::Nothing)
    @ VSCodeDebugger.JuliaInterpreter ~/.vscode/extensions/julialang.language-julia-1.47.2/scripts/packages/JuliaInterpreter/src/commands.jl:516
 [30] debug_command(recurse::Any, frame::VSCodeDebugger.JuliaInterpreter.Frame, cmd::Symbol, rootistoplevel::Bool)
    @ VSCodeDebugger.JuliaInterpreter ~/.vscode/extensions/julialang.language-julia-1.47.2/scripts/packages/JuliaInterpreter/src/commands.jl:448
 [31] #invokelatest#2
    @ ./essentials.jl:729 [inlined]
 [32] invokelatest
    @ ./essentials.jl:726 [inlined]
 [33] our_debug_command(cmd::Symbol, state::VSCodeDebugger.DebugAdapter.DebuggerState)
    @ VSCodeDebugger.DebugAdapter ~/.vscode/extensions/julialang.language-julia-1.47.2/scripts/packages/DebugAdapter/src/debugger_core.jl:67
 [34] startdebug(socket::Base.PipeEndpoint, error_handler::VSCodeDebugger.var"#3#4"{Tuple{String, String}})
    @ VSCodeDebugger.DebugAdapter ~/.vscode/extensions/julialang.language-julia-1.47.2/scripts/packages/DebugAdapter/src/packagedef.jl:106
 [35] startdebugger()
    @ VSCodeDebugger ~/.vscode/extensions/julialang.language-julia-1.47.2/scripts/packages/VSCodeDebugger/src/VSCodeDebugger.jl:43
 [36] top-level scope
    @ ~/.vscode/extensions/julialang.language-julia-1.47.2/scripts/debugger/run_debugger.jl:10
 [37] include(mod::Module, _path::String)
    @ Base ./Base.jl:419
 [38] exec_options(opts::Base.JLOptions)
    @ Base ./client.jl:303
 [39] _start()
    @ Base ./client.jl:522
└ @ Base loading.jl:874
┌ Error: Error during package callback
│   exception = 1-element ExceptionStack:
On worker 2:
ArgumentError: Package JLD [4138dd39-2aa7-5051-a626-17a0bb65d9c8] is required but does not seem to be installed:
 - Run `Pkg.instantiate()` to install all recorded dependencies.

Stacktrace:
  [1] _require
    @ ./loading.jl:1306
  [2] _require_prelocked
    @ ./loading.jl:1200
  [3] macro expansion
    @ ./lock.jl:223 [inlined]
  [4] require
    @ ./loading.jl:1195
  [5] #2
    @ ~/julia-1.8.5/share/julia/stdlib/v1.8/Distributed/src/Distributed.jl:80
  [6] #invokelatest#2
    @ ./essentials.jl:729 [inlined]
  [7] invokelatest
    @ ./essentials.jl:726
  [8] #114
    @ ~/julia-1.8.5/share/julia/stdlib/v1.8/Distributed/src/process_messages.jl:301
  [9] run_work_thunk
    @ ~/julia-1.8.5/share/julia/stdlib/v1.8/Distributed/src/process_messages.jl:70
 [10] run_work_thunk
    @ ~/julia-1.8.5/share/julia/stdlib/v1.8/Distributed/src/process_messages.jl:79
 [11] #100
    @ ./task.jl:484

...and 13 more exceptions.

Stacktrace:
  [1] sync_end(c::Channel{Any})
    @ Base ./task.jl:436
  [2] macro expansion
    @ ./task.jl:455 [inlined]
  [3] _require_callback(mod::Base.PkgId)
    @ Distributed ~/julia-1.8.5/share/julia/stdlib/v1.8/Distributed/src/Distributed.jl:77
  [4] #invokelatest#2
    @ ./essentials.jl:729 [inlined]
  [5] invokelatest
    @ ./essentials.jl:726 [inlined]
  [6] run_package_callbacks(modkey::Base.PkgId)
    @ Base ./loading.jl:869
  [7] _require_prelocked(uuidkey::Base.PkgId)
    @ Base ./loading.jl:1206
  [8] macro expansion
    @ ./loading.jl:1180 [inlined]
  [9] macro expansion
    @ ./lock.jl:223 [inlined]
 [10] require(into::Module, mod::Symbol)
    @ Base ./loading.jl:1144
 [11] include(mod::Module, _path::String)
    @ Base ./Base.jl:419
 [12] invokelatest(::Any, ::Any, ::Vararg{Any}; kwargs::Base.Pairs{Symbol, Union{}, Tuple{}, NamedTuple{(), Tuple{}}})
    @ Base ./essentials.jl:729
 [13] invokelatest(::Any, ::Any, ::Vararg{Any})
    @ Base ./essentials.jl:726
 [14] evaluate_call_recurse!(recurse::Any, frame::VSCodeDebugger.JuliaInterpreter.Frame, call_expr::Expr; enter_generated::Bool)
    @ VSCodeDebugger.JuliaInterpreter ~/.vscode/extensions/julialang.language-julia-1.47.2/scripts/packages/JuliaInterpreter/src/interpret.jl:249
 [15] evaluate_call_recurse!
    @ ~/.vscode/extensions/julialang.language-julia-1.47.2/scripts/packages/JuliaInterpreter/src/interpret.jl:220 [inlined]
 [16] eval_rhs(recurse::Any, frame::VSCodeDebugger.JuliaInterpreter.Frame, node::Expr)
    @ VSCodeDebugger.JuliaInterpreter ~/.vscode/extensions/julialang.language-julia-1.47.2/scripts/packages/JuliaInterpreter/src/interpret.jl:393
 [17] step_expr!(recurse::Any, frame::VSCodeDebugger.JuliaInterpreter.Frame, node::Any, istoplevel::Bool)
    @ VSCodeDebugger.JuliaInterpreter ~/.vscode/extensions/julialang.language-julia-1.47.2/scripts/packages/JuliaInterpreter/src/interpret.jl:546
 [18] step_expr!(recurse::Any, frame::VSCodeDebugger.JuliaInterpreter.Frame, istoplevel::Bool)
    @ VSCodeDebugger.JuliaInterpreter ~/.vscode/extensions/julialang.language-julia-1.47.2/scripts/packages/JuliaInterpreter/src/interpret.jl:596
 [19] finish!(recurse::Any, frame::VSCodeDebugger.JuliaInterpreter.Frame, istoplevel::Bool)
    @ VSCodeDebugger.JuliaInterpreter ~/.vscode/extensions/julialang.language-julia-1.47.2/scripts/packages/JuliaInterpreter/src/commands.jl:14
 [20] finish_and_return!(recurse::Any, frame::VSCodeDebugger.JuliaInterpreter.Frame, istoplevel::Bool)
    @ VSCodeDebugger.JuliaInterpreter ~/.vscode/extensions/julialang.language-julia-1.47.2/scripts/packages/JuliaInterpreter/src/commands.jl:30
 [21] evaluate_call_recurse!(recurse::Any, frame::VSCodeDebugger.JuliaInterpreter.Frame, call_expr::Expr; enter_generated::Bool)
    @ VSCodeDebugger.JuliaInterpreter ~/.vscode/extensions/julialang.language-julia-1.47.2/scripts/packages/JuliaInterpreter/src/interpret.jl:260
 [22] evaluate_call_recurse!
    @ ~/.vscode/extensions/julialang.language-julia-1.47.2/scripts/packages/JuliaInterpreter/src/interpret.jl:220 [inlined]
 [23] eval_rhs(recurse::Any, frame::VSCodeDebugger.JuliaInterpreter.Frame, node::Expr)
    @ VSCodeDebugger.JuliaInterpreter ~/.vscode/extensions/julialang.language-julia-1.47.2/scripts/packages/JuliaInterpreter/src/interpret.jl:393
 [24] step_expr!(recurse::Any, frame::VSCodeDebugger.JuliaInterpreter.Frame, node::Any, istoplevel::Bool)
    @ VSCodeDebugger.JuliaInterpreter ~/.vscode/extensions/julialang.language-julia-1.47.2/scripts/packages/JuliaInterpreter/src/interpret.jl:541
 [25] step_expr!(recurse::Any, frame::VSCodeDebugger.JuliaInterpreter.Frame, istoplevel::Bool)
    @ VSCodeDebugger.JuliaInterpreter ~/.vscode/extensions/julialang.language-julia-1.47.2/scripts/packages/JuliaInterpreter/src/interpret.jl:596
 [26] finish!(recurse::Any, frame::VSCodeDebugger.JuliaInterpreter.Frame, istoplevel::Bool)
    @ VSCodeDebugger.JuliaInterpreter ~/.vscode/extensions/julialang.language-julia-1.47.2/scripts/packages/JuliaInterpreter/src/commands.jl:14
 [27] finish_and_return!
    @ ~/.vscode/extensions/julialang.language-julia-1.47.2/scripts/packages/JuliaInterpreter/src/commands.jl:30 [inlined]
 [28] finish_stack!(recurse::Any, frame::VSCodeDebugger.JuliaInterpreter.Frame, rootistoplevel::Bool)
    @ VSCodeDebugger.JuliaInterpreter ~/.vscode/extensions/julialang.language-julia-1.47.2/scripts/packages/JuliaInterpreter/src/commands.jl:60
 [29] debug_command(recurse::Any, frame::VSCodeDebugger.JuliaInterpreter.Frame, cmd::Symbol, rootistoplevel::Bool; line::Nothing)
    @ VSCodeDebugger.JuliaInterpreter ~/.vscode/extensions/julialang.language-julia-1.47.2/scripts/packages/JuliaInterpreter/src/commands.jl:516
 [30] debug_command(recurse::Any, frame::VSCodeDebugger.JuliaInterpreter.Frame, cmd::Symbol, rootistoplevel::Bool)
    @ VSCodeDebugger.JuliaInterpreter ~/.vscode/extensions/julialang.language-julia-1.47.2/scripts/packages/JuliaInterpreter/src/commands.jl:448
 [31] #invokelatest#2
    @ ./essentials.jl:729 [inlined]
 [32] invokelatest
    @ ./essentials.jl:726 [inlined]
 [33] our_debug_command(cmd::Symbol, state::VSCodeDebugger.DebugAdapter.DebuggerState)
    @ VSCodeDebugger.DebugAdapter ~/.vscode/extensions/julialang.language-julia-1.47.2/scripts/packages/DebugAdapter/src/debugger_core.jl:67
 [34] startdebug(socket::Base.PipeEndpoint, error_handler::VSCodeDebugger.var"#3#4"{Tuple{String, String}})
    @ VSCodeDebugger.DebugAdapter ~/.vscode/extensions/julialang.language-julia-1.47.2/scripts/packages/DebugAdapter/src/packagedef.jl:106
 [35] startdebugger()
    @ VSCodeDebugger ~/.vscode/extensions/julialang.language-julia-1.47.2/scripts/packages/VSCodeDebugger/src/VSCodeDebugger.jl:43
 [36] top-level scope
    @ ~/.vscode/extensions/julialang.language-julia-1.47.2/scripts/debugger/run_debugger.jl:10
 [37] include(mod::Module, _path::String)
    @ Base ./Base.jl:419
 [38] exec_options(opts::Base.JLOptions)
    @ Base ./client.jl:303
 [39] _start()
    @ Base ./client.jl:522
└ @ Base loading.jl:874
┌ Error: Error during package callback
│   exception = 1-element ExceptionStack:
On worker 2:
ArgumentError: Package DataFrames [a93c6f00-e57d-5684-b7b6-d8193f3e46c0] is required but does not seem to be installed:
 - Run `Pkg.instantiate()` to install all recorded dependencies.

Stacktrace:
  [1] _require
    @ ./loading.jl:1306
  [2] _require_prelocked
    @ ./loading.jl:1200
  [3] macro expansion
    @ ./lock.jl:223 [inlined]
  [4] require
    @ ./loading.jl:1195
  [5] #2
    @ ~/julia-1.8.5/share/julia/stdlib/v1.8/Distributed/src/Distributed.jl:80
  [6] #invokelatest#2
    @ ./essentials.jl:729 [inlined]
  [7] invokelatest
    @ ./essentials.jl:726
  [8] #114
    @ ~/julia-1.8.5/share/julia/stdlib/v1.8/Distributed/src/process_messages.jl:301
  [9] run_work_thunk
    @ ~/julia-1.8.5/share/julia/stdlib/v1.8/Distributed/src/process_messages.jl:70
 [10] run_work_thunk
    @ ~/julia-1.8.5/share/julia/stdlib/v1.8/Distributed/src/process_messages.jl:79
 [11] #100
    @ ./task.jl:484

...and 13 more exceptions.

Stacktrace:
  [1] sync_end(c::Channel{Any})
    @ Base ./task.jl:436
  [2] macro expansion
    @ ./task.jl:455 [inlined]
  [3] _require_callback(mod::Base.PkgId)
    @ Distributed ~/julia-1.8.5/share/julia/stdlib/v1.8/Distributed/src/Distributed.jl:77
  [4] #invokelatest#2
    @ ./essentials.jl:729 [inlined]
  [5] invokelatest
    @ ./essentials.jl:726 [inlined]
  [6] run_package_callbacks(modkey::Base.PkgId)
    @ Base ./loading.jl:869
  [7] _require_prelocked(uuidkey::Base.PkgId)
    @ Base ./loading.jl:1206
  [8] macro expansion
    @ ./loading.jl:1180 [inlined]
  [9] macro expansion
    @ ./lock.jl:223 [inlined]
 [10] require(into::Module, mod::Symbol)
    @ Base ./loading.jl:1144
 [11] include(mod::Module, _path::String)
    @ Base ./Base.jl:419
 [12] invokelatest(::Any, ::Any, ::Vararg{Any}; kwargs::Base.Pairs{Symbol, Union{}, Tuple{}, NamedTuple{(), Tuple{}}})
    @ Base ./essentials.jl:729
 [13] invokelatest(::Any, ::Any, ::Vararg{Any})
    @ Base ./essentials.jl:726
 [14] evaluate_call_recurse!(recurse::Any, frame::VSCodeDebugger.JuliaInterpreter.Frame, call_expr::Expr; enter_generated::Bool)
    @ VSCodeDebugger.JuliaInterpreter ~/.vscode/extensions/julialang.language-julia-1.47.2/scripts/packages/JuliaInterpreter/src/interpret.jl:249
 [15] evaluate_call_recurse!
    @ ~/.vscode/extensions/julialang.language-julia-1.47.2/scripts/packages/JuliaInterpreter/src/interpret.jl:220 [inlined]
 [16] eval_rhs(recurse::Any, frame::VSCodeDebugger.JuliaInterpreter.Frame, node::Expr)
    @ VSCodeDebugger.JuliaInterpreter ~/.vscode/extensions/julialang.language-julia-1.47.2/scripts/packages/JuliaInterpreter/src/interpret.jl:393
 [17] step_expr!(recurse::Any, frame::VSCodeDebugger.JuliaInterpreter.Frame, node::Any, istoplevel::Bool)
    @ VSCodeDebugger.JuliaInterpreter ~/.vscode/extensions/julialang.language-julia-1.47.2/scripts/packages/JuliaInterpreter/src/interpret.jl:546
 [18] step_expr!(recurse::Any, frame::VSCodeDebugger.JuliaInterpreter.Frame, istoplevel::Bool)
    @ VSCodeDebugger.JuliaInterpreter ~/.vscode/extensions/julialang.language-julia-1.47.2/scripts/packages/JuliaInterpreter/src/interpret.jl:596
 [19] finish!(recurse::Any, frame::VSCodeDebugger.JuliaInterpreter.Frame, istoplevel::Bool)
    @ VSCodeDebugger.JuliaInterpreter ~/.vscode/extensions/julialang.language-julia-1.47.2/scripts/packages/JuliaInterpreter/src/commands.jl:14
 [20] finish_and_return!(recurse::Any, frame::VSCodeDebugger.JuliaInterpreter.Frame, istoplevel::Bool)
    @ VSCodeDebugger.JuliaInterpreter ~/.vscode/extensions/julialang.language-julia-1.47.2/scripts/packages/JuliaInterpreter/src/commands.jl:30
 [21] evaluate_call_recurse!(recurse::Any, frame::VSCodeDebugger.JuliaInterpreter.Frame, call_expr::Expr; enter_generated::Bool)
    @ VSCodeDebugger.JuliaInterpreter ~/.vscode/extensions/julialang.language-julia-1.47.2/scripts/packages/JuliaInterpreter/src/interpret.jl:260
 [22] evaluate_call_recurse!
    @ ~/.vscode/extensions/julialang.language-julia-1.47.2/scripts/packages/JuliaInterpreter/src/interpret.jl:220 [inlined]
 [23] eval_rhs(recurse::Any, frame::VSCodeDebugger.JuliaInterpreter.Frame, node::Expr)
    @ VSCodeDebugger.JuliaInterpreter ~/.vscode/extensions/julialang.language-julia-1.47.2/scripts/packages/JuliaInterpreter/src/interpret.jl:393
 [24] step_expr!(recurse::Any, frame::VSCodeDebugger.JuliaInterpreter.Frame, node::Any, istoplevel::Bool)
    @ VSCodeDebugger.JuliaInterpreter ~/.vscode/extensions/julialang.language-julia-1.47.2/scripts/packages/JuliaInterpreter/src/interpret.jl:541
 [25] step_expr!(recurse::Any, frame::VSCodeDebugger.JuliaInterpreter.Frame, istoplevel::Bool)
    @ VSCodeDebugger.JuliaInterpreter ~/.vscode/extensions/julialang.language-julia-1.47.2/scripts/packages/JuliaInterpreter/src/interpret.jl:596
 [26] finish!(recurse::Any, frame::VSCodeDebugger.JuliaInterpreter.Frame, istoplevel::Bool)
    @ VSCodeDebugger.JuliaInterpreter ~/.vscode/extensions/julialang.language-julia-1.47.2/scripts/packages/JuliaInterpreter/src/commands.jl:14
 [27] finish_and_return!
    @ ~/.vscode/extensions/julialang.language-julia-1.47.2/scripts/packages/JuliaInterpreter/src/commands.jl:30 [inlined]
 [28] finish_stack!(recurse::Any, frame::VSCodeDebugger.JuliaInterpreter.Frame, rootistoplevel::Bool)
    @ VSCodeDebugger.JuliaInterpreter ~/.vscode/extensions/julialang.language-julia-1.47.2/scripts/packages/JuliaInterpreter/src/commands.jl:60
 [29] debug_command(recurse::Any, frame::VSCodeDebugger.JuliaInterpreter.Frame, cmd::Symbol, rootistoplevel::Bool; line::Nothing)
    @ VSCodeDebugger.JuliaInterpreter ~/.vscode/extensions/julialang.language-julia-1.47.2/scripts/packages/JuliaInterpreter/src/commands.jl:516
 [30] debug_command(recurse::Any, frame::VSCodeDebugger.JuliaInterpreter.Frame, cmd::Symbol, rootistoplevel::Bool)
    @ VSCodeDebugger.JuliaInterpreter ~/.vscode/extensions/julialang.language-julia-1.47.2/scripts/packages/JuliaInterpreter/src/commands.jl:448
 [31] #invokelatest#2
    @ ./essentials.jl:729 [inlined]
 [32] invokelatest
    @ ./essentials.jl:726 [inlined]
 [33] our_debug_command(cmd::Symbol, state::VSCodeDebugger.DebugAdapter.DebuggerState)
    @ VSCodeDebugger.DebugAdapter ~/.vscode/extensions/julialang.language-julia-1.47.2/scripts/packages/DebugAdapter/src/debugger_core.jl:67
 [34] startdebug(socket::Base.PipeEndpoint, error_handler::VSCodeDebugger.var"#3#4"{Tuple{String, String}})
    @ VSCodeDebugger.DebugAdapter ~/.vscode/extensions/julialang.language-julia-1.47.2/scripts/packages/DebugAdapter/src/packagedef.jl:106
 [35] startdebugger()
    @ VSCodeDebugger ~/.vscode/extensions/julialang.language-julia-1.47.2/scripts/packages/VSCodeDebugger/src/VSCodeDebugger.jl:43
 [36] top-level scope
    @ ~/.vscode/extensions/julialang.language-julia-1.47.2/scripts/debugger/run_debugger.jl:10
 [37] include(mod::Module, _path::String)
    @ Base ./Base.jl:419
 [38] exec_options(opts::Base.JLOptions)
    @ Base ./client.jl:303
 [39] _start()
    @ Base ./client.jl:522
└ @ Base loading.jl:874
